node:internal/modules/cjs/loader:1368
  throw err;
  ^

Error: Cannot find module './server.ts'
Require stack:
- /home/trinnex/Developments/Hedera/src/imaginaryUncacheableRequireResolveScript
    at Function._resolveFilename (node:internal/modules/cjs/loader:1365:15)
    at Function.resolve (node:internal/modules/helpers:145:19)
    at requireResolveNonCached (/home/trinnex/Developments/Hedera/node_modules/ts-node/dist/bin.js:549:16)
    at getProjectSearchDir (/home/trinnex/Developments/Hedera/node_modules/ts-node/dist/bin.js:519:40)
    at phase3 (/home/trinnex/Developments/Hedera/node_modules/ts-node/dist/bin.js:267:27)
    at bootstrap (/home/trinnex/Developments/Hedera/node_modules/ts-node/dist/bin.js:47:30)
    at main (/home/trinnex/Developments/Hedera/node_modules/ts-node/dist/bin.js:33:12)
    at Object.<anonymous> (/home/trinnex/Developments/Hedera/node_modules/ts-node/dist/bin.js:579:5)
    at Module._compile (node:internal/modules/cjs/loader:1688:14)
    at Object..js (node:internal/modules/cjs/loader:1820:10) {
  code: 'MODULE_NOT_FOUND',
  requireStack: [
    '/home/trinnex/Developments/Hedera/src/imaginaryUncacheableRequireResolveScript'
  ]
}

Node.js v22.18.0
